c:\users\aneudys\Source\Repos\SistemaEscolar\SistemaEscolar\Views\Admin\routes.js
c:\users\aneudys\Source\Repos\SistemaEscolar\SistemaEscolar\Views\Admin\routes.js.map
c:\users\aneudys\Source\Repos\SistemaEscolar\SistemaEscolar\Views\Admin\boot.js
c:\users\aneudys\Source\Repos\SistemaEscolar\SistemaEscolar\Views\Admin\boot.js.map
c:\users\aneudys\Source\Repos\SistemaEscolar\SistemaEscolar\Views\Admin\components\ususarios\usuarios.js
c:\users\aneudys\Source\Repos\SistemaEscolar\SistemaEscolar\Views\Admin\components\ususarios\usuarios.js.map
c:\users\aneudys\Source\Repos\SistemaEscolar\SistemaEscolar\Views\Admin\components\home\home.js
c:\users\aneudys\Source\Repos\SistemaEscolar\SistemaEscolar\Views\Admin\components\home\home.js.map
c:\users\aneudys\Source\Repos\SistemaEscolar\SistemaEscolar\Views\Admin\components\app\app.js
c:\users\aneudys\Source\Repos\SistemaEscolar\SistemaEscolar\Views\Admin\components\app\app.js.map
c:\users\aneudys\Source\Repos\SistemaEscolar\SistemaEscolar\Scripts\components\admin.js
c:\users\aneudys\Source\Repos\SistemaEscolar\SistemaEscolar\Scripts\components\admin.js.map
c:\users\aneudys\Source\Repos\SistemaEscolar\SistemaEscolar\Scripts\components\admin.js
c:\users\aneudys\Source\Repos\SistemaEscolar\SistemaEscolar\Scripts\components\admin.js.map
c:\users\aneudys\Source\Repos\SistemaEscolar\SistemaEscolar\Scripts\components\admin.js
c:\users\aneudys\Source\Repos\SistemaEscolar\SistemaEscolar\Scripts\components\admin.js.map
c:\users\aneudys\Source\Repos\SistemaEscolar\SistemaEscolar\Scripts\components\admin.js
c:\users\aneudys\Source\Repos\SistemaEscolar\SistemaEscolar\Scripts\components\admin.js.map
c:\users\aneudys\Source\Repos\SistemaEscolar\SistemaEscolar\Scripts\components\admin.js
c:\users\aneudys\Source\Repos\SistemaEscolar\SistemaEscolar\Scripts\components\admin.js.map
c:\users\aneudys\Source\Repos\SistemaEscolar\SistemaEscolar\Scripts\components\admin.js
c:\users\aneudys\Source\Repos\SistemaEscolar\SistemaEscolar\Scripts\components\admin.js.map
c:\users\aneudys\Source\Repos\SistemaEscolar\SistemaEscolar\Scripts\components\admin.js
c:\users\aneudys\Source\Repos\SistemaEscolar\SistemaEscolar\Scripts\components\admin.js.map
c:\users\aneudys\Source\Repos\SistemaEscolar\SistemaEscolar\Scripts\components\admin.js
c:\users\aneudys\Source\Repos\SistemaEscolar\SistemaEscolar\Scripts\components\admin.js.map
c:\users\aneudys\Source\Repos\SistemaEscolar\SistemaEscolar\Scripts\components\admin.js
c:\users\aneudys\Source\Repos\SistemaEscolar\SistemaEscolar\Scripts\components\admin.js.map
C:\Users\aneudys\Source\Repos\SistemaEscolar\SistemaEscolar\Scripts\components\admin.js
C:\Users\aneudys\Source\Repos\SistemaEscolar\SistemaEscolar\Scripts\components\admin.js.map
C:\Users\aneudys\Source\Repos\SistemaEscolar\SistemaEscolar\Scripts\components\admin.js
C:\Users\aneudys\Source\Repos\SistemaEscolar\SistemaEscolar\Scripts\components\admin.js.map
C:\Users\aneudys\Source\Repos\SistemaEscolar\SistemaEscolar\Scripts\components\admin.js
C:\Users\aneudys\Source\Repos\SistemaEscolar\SistemaEscolar\Scripts\components\admin.js.map
C:\Users\aneudys\Source\Repos\SistemaEscolar\SistemaEscolar\Scripts\components\admin.js
C:\Users\aneudys\Source\Repos\SistemaEscolar\SistemaEscolar\Scripts\components\admin.js.map
C:\Users\aneudys\Source\Repos\SistemaEscolar\SistemaEscolar\Scripts\components\admin.js
C:\Users\aneudys\Source\Repos\SistemaEscolar\SistemaEscolar\Scripts\components\admin.js.map
C:\Users\aneudys\Source\Repos\SistemaEscolar\SistemaEscolar\Scripts\components\admin.js
C:\Users\aneudys\Source\Repos\SistemaEscolar\SistemaEscolar\Scripts\components\admin.js.map
C:\Users\aneudys\Source\Repos\SistemaEscolar\SistemaEscolar\Scripts\components\admin.js
C:\Users\aneudys\Source\Repos\SistemaEscolar\SistemaEscolar\Scripts\components\admin.js.map
C:\Users\aneudys\Source\Repos\SistemaEscolar\SistemaEscolar\Scripts\components\admin.js
C:\Users\aneudys\Source\Repos\SistemaEscolar\SistemaEscolar\Scripts\components\admin.js.map
C:\Users\aneudys\Source\Repos\SistemaEscolar\SistemaEscolar\Scripts\components\admin.js
C:\Users\aneudys\Source\Repos\SistemaEscolar\SistemaEscolar\Scripts\components\admin.js.map
C:\Users\aneudys\Source\Repos\SistemaEscolar\SistemaEscolar\Scripts\components\admin.js
C:\Users\aneudys\Source\Repos\SistemaEscolar\SistemaEscolar\Scripts\components\admin.js.map
C:\Users\aneudys\Source\Repos\SistemaEscolar\SistemaEscolar\Scripts\components\admin.js
C:\Users\aneudys\Source\Repos\SistemaEscolar\SistemaEscolar\Scripts\components\admin.js.map
C:\Users\aneudys\Source\Repos\SistemaEscolar\SistemaEscolar\Scripts\components\admin.js
C:\Users\aneudys\Source\Repos\SistemaEscolar\SistemaEscolar\Scripts\components\admin.js.map
C:\Users\aneudys\Source\Repos\SistemaEscolar\SistemaEscolar\Scripts\components\admin.js
C:\Users\aneudys\Source\Repos\SistemaEscolar\SistemaEscolar\Scripts\components\admin.js.map
C:\Users\aneudys\Source\Repos\SistemaEscolar\SistemaEscolar\Scripts\components\admin.js
C:\Users\aneudys\Source\Repos\SistemaEscolar\SistemaEscolar\Scripts\components\admin.js.map
C:\Users\aneudys\Source\Repos\SistemaEscolar\SistemaEscolar\Scripts\components\home.js
C:\Users\aneudys\Source\Repos\SistemaEscolar\SistemaEscolar\Scripts\components\home.js.map
C:\Users\aneudys\Source\Repos\SistemaEscolar\SistemaEscolar\Scripts\components\admin.js
C:\Users\aneudys\Source\Repos\SistemaEscolar\SistemaEscolar\Scripts\components\admin.js.map
C:\Users\aneudys\Source\Repos\SistemaEscolar\SistemaEscolar\Scripts\components\home.js
C:\Users\aneudys\Source\Repos\SistemaEscolar\SistemaEscolar\Scripts\components\home.js.map
C:\Users\aneudys\Source\Repos\SistemaEscolar\SistemaEscolar\Scripts\components\admin.js
C:\Users\aneudys\Source\Repos\SistemaEscolar\SistemaEscolar\Scripts\components\admin.js.map
C:\Users\aneudys\Source\Repos\SistemaEscolar\SistemaEscolar\Scripts\components\home.js
C:\Users\aneudys\Source\Repos\SistemaEscolar\SistemaEscolar\Scripts\components\home.js.map
C:\Users\aneudys\Source\Repos\SistemaEscolar\SistemaEscolar\Scripts\components\admin.js
C:\Users\aneudys\Source\Repos\SistemaEscolar\SistemaEscolar\Scripts\components\admin.js.map
C:\Users\aneudys\Source\Repos\SistemaEscolar\SistemaEscolar\Scripts\components\home.js
C:\Users\aneudys\Source\Repos\SistemaEscolar\SistemaEscolar\Scripts\components\home.js.map
C:\Users\aneudys\Source\Repos\SistemaEscolar\SistemaEscolar\Scripts\components\admin.js
C:\Users\aneudys\Source\Repos\SistemaEscolar\SistemaEscolar\Scripts\components\admin.js.map
C:\Users\aneudys\Source\Repos\SistemaEscolar\SistemaEscolar\Scripts\components\home.js
C:\Users\aneudys\Source\Repos\SistemaEscolar\SistemaEscolar\Scripts\components\home.js.map
C:\Users\aneudys\Source\Repos\SistemaEscolar\SistemaEscolar\Scripts\components\admin.js
C:\Users\aneudys\Source\Repos\SistemaEscolar\SistemaEscolar\Scripts\components\admin.js.map
C:\Users\aneudys\Source\Repos\SistemaEscolar\SistemaEscolar\Scripts\components\home.js
C:\Users\aneudys\Source\Repos\SistemaEscolar\SistemaEscolar\Scripts\components\home.js.map
C:\Users\aneudys\Source\Repos\SistemaEscolar\SistemaEscolar\Scripts\components\admin.js
C:\Users\aneudys\Source\Repos\SistemaEscolar\SistemaEscolar\Scripts\components\admin.js.map
C:\Users\aneudys\Source\Repos\SistemaEscolar\SistemaEscolar\Scripts\components\home.js
C:\Users\aneudys\Source\Repos\SistemaEscolar\SistemaEscolar\Scripts\components\home.js.map
C:\Users\aneudys\Source\Repos\SistemaEscolar\SistemaEscolar\Scripts\components\admin.js
C:\Users\aneudys\Source\Repos\SistemaEscolar\SistemaEscolar\Scripts\components\admin.js.map
C:\Users\aneudys\Source\Repos\SistemaEscolar\SistemaEscolar\Scripts\components\home.js
C:\Users\aneudys\Source\Repos\SistemaEscolar\SistemaEscolar\Scripts\components\home.js.map
C:\Users\aneudys\Source\Repos\SistemaEscolar\SistemaEscolar\Scripts\components\admin.js
C:\Users\aneudys\Source\Repos\SistemaEscolar\SistemaEscolar\Scripts\components\admin.js.map
C:\Users\aneudys\Source\Repos\SistemaEscolar\SistemaEscolar\Scripts\components\home.js
C:\Users\aneudys\Source\Repos\SistemaEscolar\SistemaEscolar\Scripts\components\home.js.map
C:\Users\aneudys\Source\Repos\SistemaEscolar\SistemaEscolar\Scripts\components\admin.js
C:\Users\aneudys\Source\Repos\SistemaEscolar\SistemaEscolar\Scripts\components\admin.js.map
C:\Users\aneudys\Source\Repos\SistemaEscolar\SistemaEscolar\Scripts\components\home.js
C:\Users\aneudys\Source\Repos\SistemaEscolar\SistemaEscolar\Scripts\components\home.js.map
C:\Users\aneudys\Source\Repos\SistemaEscolar\SistemaEscolar\Scripts\components\admin.js
C:\Users\aneudys\Source\Repos\SistemaEscolar\SistemaEscolar\Scripts\components\admin.js.map
C:\Users\aneudys\Source\Repos\SistemaEscolar\SistemaEscolar\Scripts\components\home.js
C:\Users\aneudys\Source\Repos\SistemaEscolar\SistemaEscolar\Scripts\components\home.js.map
C:\Users\aneudys\Source\Repos\SistemaEscolar\SistemaEscolar\Scripts\components\admin.js
C:\Users\aneudys\Source\Repos\SistemaEscolar\SistemaEscolar\Scripts\components\admin.js.map
C:\Users\aneudys\Source\Repos\SistemaEscolar\SistemaEscolar\Scripts\components\home.js
C:\Users\aneudys\Source\Repos\SistemaEscolar\SistemaEscolar\Scripts\components\home.js.map
C:\Users\aneudys\Source\Repos\SistemaEscolar\SistemaEscolar\Scripts\components\admin.js
C:\Users\aneudys\Source\Repos\SistemaEscolar\SistemaEscolar\Scripts\components\admin.js.map
C:\Users\aneudys\Source\Repos\SistemaEscolar\SistemaEscolar\Scripts\components\home.js
C:\Users\aneudys\Source\Repos\SistemaEscolar\SistemaEscolar\Scripts\components\home.js.map
C:\Users\aneudys\Source\Repos\SistemaEscolar\SistemaEscolar\Scripts\components\admin.js
C:\Users\aneudys\Source\Repos\SistemaEscolar\SistemaEscolar\Scripts\components\admin.js.map
C:\Users\aneudys\Source\Repos\SistemaEscolar\SistemaEscolar\Scripts\components\home.js
C:\Users\aneudys\Source\Repos\SistemaEscolar\SistemaEscolar\Scripts\components\home.js.map
C:\Users\aneudys\Source\Repos\SistemaEscolar\SistemaEscolar\Scripts\components\admin.js
C:\Users\aneudys\Source\Repos\SistemaEscolar\SistemaEscolar\Scripts\components\admin.js.map
C:\Users\aneudys\Source\Repos\SistemaEscolar\SistemaEscolar\Scripts\components\home.js
C:\Users\aneudys\Source\Repos\SistemaEscolar\SistemaEscolar\Scripts\components\home.js.map
C:\Users\aneudys\Source\Repos\SistemaEscolar\SistemaEscolar\Scripts\components\admin.js
C:\Users\aneudys\Source\Repos\SistemaEscolar\SistemaEscolar\Scripts\components\admin.js.map
C:\Users\aneudys\Source\Repos\SistemaEscolar\SistemaEscolar\Scripts\components\home.js
C:\Users\aneudys\Source\Repos\SistemaEscolar\SistemaEscolar\Scripts\components\home.js.map
C:\Users\aneudys\Source\Repos\SistemaEscolar\SistemaEscolar\Scripts\components\admin.js
C:\Users\aneudys\Source\Repos\SistemaEscolar\SistemaEscolar\Scripts\components\admin.js.map
C:\Users\aneudys\Source\Repos\SistemaEscolar\SistemaEscolar\Scripts\components\home.js
C:\Users\aneudys\Source\Repos\SistemaEscolar\SistemaEscolar\Scripts\components\home.js.map
C:\Users\aneudys\Source\Repos\SistemaEscolar\SistemaEscolar\Scripts\components\admin.js
C:\Users\aneudys\Source\Repos\SistemaEscolar\SistemaEscolar\Scripts\components\admin.js.map
C:\Users\aneudys\Source\Repos\SistemaEscolar\SistemaEscolar\Scripts\components\home.js
C:\Users\aneudys\Source\Repos\SistemaEscolar\SistemaEscolar\Scripts\components\home.js.map
C:\Users\aneudys\Source\Repos\SistemaEscolar\SistemaEscolar\Scripts\components\admin.js
C:\Users\aneudys\Source\Repos\SistemaEscolar\SistemaEscolar\Scripts\components\admin.js.map
C:\Users\aneudys\Source\Repos\SistemaEscolar\SistemaEscolar\Scripts\components\home.js
C:\Users\aneudys\Source\Repos\SistemaEscolar\SistemaEscolar\Scripts\components\home.js.map
C:\Users\aneudys\Source\Repos\SistemaEscolar\SistemaEscolar\Scripts\components\admin.js
C:\Users\aneudys\Source\Repos\SistemaEscolar\SistemaEscolar\Scripts\components\admin.js.map
C:\Users\aneudys\Source\Repos\SistemaEscolar\SistemaEscolar\Scripts\components\home.js
C:\Users\aneudys\Source\Repos\SistemaEscolar\SistemaEscolar\Scripts\components\home.js.map
C:\Users\aneudys\Source\Repos\SistemaEscolar\SistemaEscolar\Scripts\components\admin.js
C:\Users\aneudys\Source\Repos\SistemaEscolar\SistemaEscolar\Scripts\components\admin.js.map
C:\Users\aneudys\Source\Repos\SistemaEscolar\SistemaEscolar\Scripts\components\home.js
C:\Users\aneudys\Source\Repos\SistemaEscolar\SistemaEscolar\Scripts\components\home.js.map
C:\Users\aneudys\Source\Repos\SistemaEscolar\SistemaEscolar\Scripts\components\admin.js
C:\Users\aneudys\Source\Repos\SistemaEscolar\SistemaEscolar\Scripts\components\admin.js.map
C:\Users\aneudys\Source\Repos\SistemaEscolar\SistemaEscolar\Scripts\components\home.js
C:\Users\aneudys\Source\Repos\SistemaEscolar\SistemaEscolar\Scripts\components\home.js.map
C:\Users\aneudys\Source\Repos\SistemaEscolar\SistemaEscolar\Scripts\components\admin.js
C:\Users\aneudys\Source\Repos\SistemaEscolar\SistemaEscolar\Scripts\components\admin.js.map
C:\Users\aneudys\Source\Repos\SistemaEscolar\SistemaEscolar\Scripts\components\home.js
C:\Users\aneudys\Source\Repos\SistemaEscolar\SistemaEscolar\Scripts\components\home.js.map
C:\Users\aneudys\Source\Repos\SistemaEscolar\SistemaEscolar\Scripts\components\admin.js
C:\Users\aneudys\Source\Repos\SistemaEscolar\SistemaEscolar\Scripts\components\admin.js.map
C:\Users\aneudys\Source\Repos\SistemaEscolar\SistemaEscolar\Scripts\components\home.js
C:\Users\aneudys\Source\Repos\SistemaEscolar\SistemaEscolar\Scripts\components\home.js.map
C:\Users\aneudys\Source\Repos\SistemaEscolar\SistemaEscolar\Scripts\components\admin.js
C:\Users\aneudys\Source\Repos\SistemaEscolar\SistemaEscolar\Scripts\components\admin.js.map
C:\Users\aneudys\Source\Repos\SistemaEscolar\SistemaEscolar\Scripts\components\home.js
C:\Users\aneudys\Source\Repos\SistemaEscolar\SistemaEscolar\Scripts\components\home.js.map
C:\Users\aneudys\Source\Repos\SistemaEscolar\SistemaEscolar\Scripts\components\admin.js
C:\Users\aneudys\Source\Repos\SistemaEscolar\SistemaEscolar\Scripts\components\admin.js.map
C:\Users\aneudys\Source\Repos\SistemaEscolar\SistemaEscolar\Scripts\components\home.js
C:\Users\aneudys\Source\Repos\SistemaEscolar\SistemaEscolar\Scripts\components\home.js.map
C:\Users\aneudys\Source\Repos\SistemaEscolar\SistemaEscolar\Scripts\components\admin.js
C:\Users\aneudys\Source\Repos\SistemaEscolar\SistemaEscolar\Scripts\components\admin.js.map
C:\Users\aneudys\Source\Repos\SistemaEscolar\SistemaEscolar\Scripts\components\home.js
C:\Users\aneudys\Source\Repos\SistemaEscolar\SistemaEscolar\Scripts\components\home.js.map
C:\Users\aneudys\Source\Repos\SistemaEscolar\SistemaEscolar\Scripts\components\admin.js
C:\Users\aneudys\Source\Repos\SistemaEscolar\SistemaEscolar\Scripts\components\admin.js.map
C:\Users\aneudys\Source\Repos\SistemaEscolar\SistemaEscolar\Scripts\components\home.js
C:\Users\aneudys\Source\Repos\SistemaEscolar\SistemaEscolar\Scripts\components\home.js.map
C:\Users\aneudys\Source\Repos\SistemaEscolar\SistemaEscolar\Scripts\components\admin.js
C:\Users\aneudys\Source\Repos\SistemaEscolar\SistemaEscolar\Scripts\components\admin.js.map
C:\Users\aneudys\Source\Repos\SistemaEscolar\SistemaEscolar\Scripts\components\home.js
C:\Users\aneudys\Source\Repos\SistemaEscolar\SistemaEscolar\Scripts\components\home.js.map
C:\Users\aneudys\Source\Repos\SistemaEscolar\SistemaEscolar\Scripts\components\admin.js
C:\Users\aneudys\Source\Repos\SistemaEscolar\SistemaEscolar\Scripts\components\admin.js.map
C:\Users\aneudys\Source\Repos\SistemaEscolar\SistemaEscolar\Scripts\components\home.js
C:\Users\aneudys\Source\Repos\SistemaEscolar\SistemaEscolar\Scripts\components\home.js.map
C:\Users\aneudys\Source\Repos\SistemaEscolar\SistemaEscolar\Scripts\components\admin.js
C:\Users\aneudys\Source\Repos\SistemaEscolar\SistemaEscolar\Scripts\components\admin.js.map
C:\Users\aneudys\Source\Repos\SistemaEscolar\SistemaEscolar\Scripts\components\home.js
C:\Users\aneudys\Source\Repos\SistemaEscolar\SistemaEscolar\Scripts\components\home.js.map
C:\Users\aneudys\Source\Repos\SistemaEscolar\SistemaEscolar\Scripts\components\admin.js
C:\Users\aneudys\Source\Repos\SistemaEscolar\SistemaEscolar\Scripts\components\admin.js.map
C:\Users\aneudys\Source\Repos\SistemaEscolar\SistemaEscolar\Scripts\components\home.js
C:\Users\aneudys\Source\Repos\SistemaEscolar\SistemaEscolar\Scripts\components\home.js.map
C:\Users\aneudys\Source\Repos\SistemaEscolar\SistemaEscolar\Scripts\components\admin.js
C:\Users\aneudys\Source\Repos\SistemaEscolar\SistemaEscolar\Scripts\components\admin.js.map
C:\Users\aneudys\Source\Repos\SistemaEscolar\SistemaEscolar\Scripts\components\home.js
C:\Users\aneudys\Source\Repos\SistemaEscolar\SistemaEscolar\Scripts\components\home.js.map
C:\Users\aneudys\Source\Repos\SistemaEscolar\SistemaEscolar\Scripts\components\admin.js
C:\Users\aneudys\Source\Repos\SistemaEscolar\SistemaEscolar\Scripts\components\admin.js.map
C:\Users\aneudys\Source\Repos\SistemaEscolar\SistemaEscolar\Scripts\components\home.js
C:\Users\aneudys\Source\Repos\SistemaEscolar\SistemaEscolar\Scripts\components\home.js.map
C:\Users\aneudys\Source\Repos\SistemaEscolar\SistemaEscolar\Scripts\components\admin.js
C:\Users\aneudys\Source\Repos\SistemaEscolar\SistemaEscolar\Scripts\components\admin.js.map
C:\Users\aneudys\Source\Repos\SistemaEscolar\SistemaEscolar\Scripts\components\home.js
C:\Users\aneudys\Source\Repos\SistemaEscolar\SistemaEscolar\Scripts\components\home.js.map
C:\Users\aneudys\Source\Repos\SistemaEscolar\SistemaEscolar\Scripts\components\admin.js
C:\Users\aneudys\Source\Repos\SistemaEscolar\SistemaEscolar\Scripts\components\admin.js.map
C:\Users\aneudys\Source\Repos\SistemaEscolar\SistemaEscolar\Scripts\components\home.js
C:\Users\aneudys\Source\Repos\SistemaEscolar\SistemaEscolar\Scripts\components\home.js.map
C:\Users\aneudys\Source\Repos\SistemaEscolar\SistemaEscolar\Scripts\components\admin.js
C:\Users\aneudys\Source\Repos\SistemaEscolar\SistemaEscolar\Scripts\components\admin.js.map
C:\Users\aneudys\Source\Repos\SistemaEscolar\SistemaEscolar\Scripts\components\home.js
C:\Users\aneudys\Source\Repos\SistemaEscolar\SistemaEscolar\Scripts\components\home.js.map
C:\Users\aneudys\Source\Repos\SistemaEscolar\SistemaEscolar\Scripts\components\admin.js
C:\Users\aneudys\Source\Repos\SistemaEscolar\SistemaEscolar\Scripts\components\admin.js.map
C:\Users\aneudys\Source\Repos\SistemaEscolar\SistemaEscolar\Scripts\components\home.js
C:\Users\aneudys\Source\Repos\SistemaEscolar\SistemaEscolar\Scripts\components\home.js.map
C:\Users\aneudys\Source\Repos\SistemaEscolar\SistemaEscolar\Scripts\components\admin.js
C:\Users\aneudys\Source\Repos\SistemaEscolar\SistemaEscolar\Scripts\components\admin.js.map
C:\Users\aneudys\Source\Repos\SistemaEscolar\SistemaEscolar\Scripts\components\home.js
C:\Users\aneudys\Source\Repos\SistemaEscolar\SistemaEscolar\Scripts\components\home.js.map
